This is pdfTeX, Version 3.14159265-2.6-1.40.19 (TeX Live 2019/dev/Debian) (preloaded format=pdflatex 2021.5.9)  2 JUL 2021 14:54
entering extended mode
 restricted \write18 enabled.
 %&-line parsing enabled.
**main.tex
(./main.tex
LaTeX2e <2018-12-01>
(./ceurart.cls
Document Class: ceurart 2021/03/18, 0.4.0: Typesetting articles for CEUR Worksh
op Proceedings (CEUR-WS.org)

! LaTeX Error: File `expl3.sty' not found.

Type X to quit or <RETURN> to proceed,
or enter new name. (Default extension: sty)

Enter file name: 
! Interruption.
<to be read again> 
                   }
l.25 \@ifundefined
                  {regex_match:nnTF}{\RequirePackage{l3regex}}{}^^M
? q
OK, entering \batchmode...

! LaTeX Error: File `xparse.sty' not found.

Type X to quit or <RETURN> to proceed,
or enter new name. (Default extension: sty)

 Enter file name: 
! Emergency stop.
<read *> 
         
l.25 \@ifundefined
                  {regex_match:nnTF}{\RequirePackage{l3regex}}{}^^M
*** (cannot \read from terminal in nonstop modes)

 
Here is how much of TeX's memory you used:
 24 strings out of 494561
 333 string characters out of 6177455
 53040 words of memory out of 5000000
 3779 multiletter control sequences out of 15000+600000
 3640 words of font info for 14 fonts, out of 8000000 for 9000
 14 hyphenation exceptions out of 8191
 17i,0n,10p,141b,8s stack positions out of 5000i,500n,10000p,200000b,80000s
!  ==> Fatal error occurred, no output PDF file produced!
