This is pdfTeX, Version 3.14159265-2.6-1.40.19 (TeX Live 2019/dev/Debian) (preloaded format=latex 2021.5.9)  2 JUL 2021 14:23
entering extended mode
 restricted \write18 enabled.
 %&-line parsing enabled.
**working-notes.tex
(./working-notes.tex
LaTeX2e <2018-12-01>
(./ceurart.cls
Document Class: ceurart 2021/03/18, 0.4.0: Typesetting articles for CEUR Worksh
op Proceedings (CEUR-WS.org)

! LaTeX Error: File `expl3.sty' not found.

Type X to quit or <RETURN> to proceed,
or enter new name. (Default extension: sty)

Enter file name: X

 ) )
(\end occurred when \ifx on line 25 was incomplete)
(\end occurred when \ifx on line 25 was incomplete) 
Here is how much of TeX's memory you used:
 20 strings out of 494562
 320 string characters out of 6177481
 53027 words of memory out of 5000000
 3776 multiletter control sequences out of 15000+600000
 3640 words of font info for 14 fonts, out of 8000000 for 9000
 14 hyphenation exceptions out of 8191
 17i,0n,10p,150b,8s stack positions out of 5000i,500n,10000p,200000b,80000s

No pages of output.
